<?xml version="1.0" encoding="UTF-8"?>
<!-- Generated by org.testng.reporters.JUnitReportReporter -->
<testsuite hostname="Dell" failures="0" tests="1" name="Test_Clasess.VerifyUserCanRemoverProductsFromCart" time="0.008" errors="0" timestamp="2022-06-03T10:40:58 IST" skipped="0">
  <testcase classname="Test_Clasess.VerifyUserCanRemoverProductsFromCart" name="test1" time="0.008"/>
  <system-out/>
</testsuite> <!-- Test_Clasess.VerifyUserCanRemoverProductsFromCart -->
