<?xml version="1.0" encoding="UTF-8"?>
<!-- Generated by org.testng.reporters.JUnitReportReporter -->
<testsuite hostname="Dell" failures="0" tests="8" name="Test_Clasess.VerifyUserCanBuyProductTest" time="0.018" errors="0" timestamp="2022-06-04T14:39:52 IST" skipped="0">
  <testcase classname="Test_Clasess.VerifyUserCanBuyProductTest" name="VeriyUserCanLogin" time="0.004"/>
  <system-out/>
  <testcase classname="Test_Clasess.VerifyUserCanBuyProductTest" name="verifyUserCanSearchProduct" time="0.001"/>
  <system-out/>
  <testcase classname="Test_Clasess.VerifyUserCanBuyProductTest" name="VerifyUserCanSelectProductAndMoveTOProdutDetailsPage" time="0.002"/>
  <system-out/>
  <testcase classname="Test_Clasess.VerifyUserCanBuyProductTest" name="VerifyUserCanAddProductToCart" time="0.000"/>
  <system-out/>
  <testcase classname="Test_Clasess.VerifyUserCanBuyProductTest" name="VerifyCardCalculations" time="0.001"/>
  <system-out/>
  <testcase classname="Test_Clasess.VerifyUserCanBuyProductTest" name="VerifyUserCanSelectDeliveryAddress" time="0.003"/>
  <system-out/>
  <testcase classname="Test_Clasess.VerifyUserCanBuyProductTest" name="VerifyUserSelectPeymentOption" time="0.001"/>
  <system-out/>
  <testcase classname="Test_Clasess.VerifyUserCanBuyProductTest" name="VerifUserPlacedQrderSuccessfully" time="0.006"/>
  <system-out/>
</testsuite> <!-- Test_Clasess.VerifyUserCanBuyProductTest -->
